reloj/build/intermediates/manifest_merge_blame_file/debug/processDebugMainManifest/manifest-merger-blame-debug-report.txt
1<?xml version="1.0" encoding="utf-8"?>
2<manifest xmlns:android="http://schemas.android.com/apk/res/android"
3    package="com.example.reloj"
4    android:versionCode="1"
5    android:versionName="1.0" >
6
7    <uses-sdk
7-->INJECTED
8        android:minSdkVersion="30"
8-->INJECTED
9        android:targetSdkVersion="36" />
9-->INJECTED
10
11    <uses-permission android:name="android.permission.WAKE_LOCK" />
11-->src/main/AndroidManifest.xml:4:5-68
11-->src/main/AndroidManifest.xml:4:22-65
12    <uses-permission android:name="android.permission.BODY_SENSORS" />
12-->src/main/AndroidManifest.xml:5:5-71
12-->src/main/AndroidManifest.xml:5:22-68
13    <uses-permission android:name="android.permission.ACTIVITY_RECOGNITION" />
13-->src/main/AndroidManifest.xml:6:5-79
13-->src/main/AndroidManifest.xml:6:22-76
14
15    <uses-feature android:name="android.hardware.type.watch" />
15-->src/main/AndroidManifest.xml:8:5-64
15-->src/main/AndroidManifest.xml:8:19-61
16
17    <queries>
17-->[androidx.health:health-services-client:1.1.0-alpha03] AndroidManifest.xml:19:5-21:15
18        <package android:name="com.google.android.wearable.healthservices" />
18-->[androidx.health:health-services-client:1.1.0-alpha03] AndroidManifest.xml:20:9-78
18-->[androidx.health:health-services-client:1.1.0-alpha03] AndroidManifest.xml:20:18-75
19    </queries>
20
21    <permission
21-->[androidx.core:core:1.18.0] AndroidManifest.xml:22:5-24:47
22        android:name="com.example.reloj.DYNAMIC_RECEIVER_NOT_EXPORTED_PERMISSION"
22-->[androidx.core:core:1.18.0] AndroidManifest.xml:23:9-81
23        android:protectionLevel="signature" />
23-->[androidx.core:core:1.18.0] AndroidManifest.xml:24:9-44
24
25    <uses-permission android:name="com.example.reloj.DYNAMIC_RECEIVER_NOT_EXPORTED_PERMISSION" />
25-->[androidx.core:core:1.18.0] AndroidManifest.xml:26:5-97
25-->[androidx.core:core:1.18.0] AndroidManifest.xml:26:22-94
26
27    <application
27-->src/main/AndroidManifest.xml:10:5-38:19
28        android:allowBackup="true"
28-->src/main/AndroidManifest.xml:11:9-35
29        android:appComponentFactory="androidx.core.app.CoreComponentFactory"
29-->[androidx.core:core:1.18.0] AndroidManifest.xml:28:18-86
30        android:debuggable="true"
31        android:extractNativeLibs="false"
31-->INJECTED
32        android:icon="@android:mipmap/sym_def_app_icon"
32-->src/main/AndroidManifest.xml:12:9-56
33        android:label="@string/app_name"
33-->src/main/AndroidManifest.xml:13:9-41
34        android:supportsRtl="true"
34-->src/main/AndroidManifest.xml:14:9-35
35        android:testOnly="true"
36        android:theme="@android:style/Theme.DeviceDefault" >
36-->src/main/AndroidManifest.xml:15:9-59
37        <uses-library
37-->src/main/AndroidManifest.xml:17:9-19:39
38            android:name="com.google.android.wearable"
38-->src/main/AndroidManifest.xml:18:13-55
39            android:required="true" />
39-->src/main/AndroidManifest.xml:19:13-36
40        <uses-library
40-->src/main/AndroidManifest.xml:20:9-22:40
41            android:name="wear-sdk"
41-->src/main/AndroidManifest.xml:21:13-36
42            android:required="false" />
42-->src/main/AndroidManifest.xml:22:13-37
43
44        <meta-data
44-->src/main/AndroidManifest.xml:24:9-26:36
45            android:name="com.google.android.wearable.standalone"
45-->src/main/AndroidManifest.xml:25:13-66
46            android:value="true" />
46-->src/main/AndroidManifest.xml:26:13-33
47
48        <activity
48-->src/main/AndroidManifest.xml:28:9-37:20
49            android:name="com.example.reloj.presentation.MainActivity"
49-->src/main/AndroidManifest.xml:29:13-54
50            android:exported="true"
50-->src/main/AndroidManifest.xml:30:13-36
51            android:taskAffinity=""
51-->src/main/AndroidManifest.xml:31:13-36
52            android:theme="@style/MainActivityTheme.Starting" >
52-->src/main/AndroidManifest.xml:32:13-62
53            <intent-filter>
53-->src/main/AndroidManifest.xml:33:13-36:29
54                <action android:name="android.intent.action.MAIN" />
54-->src/main/AndroidManifest.xml:34:17-69
54-->src/main/AndroidManifest.xml:34:25-66
55
56                <category android:name="android.intent.category.LAUNCHER" />
56-->src/main/AndroidManifest.xml:35:17-77
56-->src/main/AndroidManifest.xml:35:27-74
57            </intent-filter>
58        </activity>
59        <activity
59-->[androidx.compose.ui:ui-tooling-android:1.10.4] AndroidManifest.xml:23:9-25:39
60            android:name="androidx.compose.ui.tooling.PreviewActivity"
60-->[androidx.compose.ui:ui-tooling-android:1.10.4] AndroidManifest.xml:24:13-71
61            android:exported="true" />
61-->[androidx.compose.ui:ui-tooling-android:1.10.4] AndroidManifest.xml:25:13-36
62        <activity
62-->[androidx.compose.ui:ui-test-manifest:1.10.4] AndroidManifest.xml:23:9-26:79
63            android:name="androidx.activity.ComponentActivity"
63-->[androidx.compose.ui:ui-test-manifest:1.10.4] AndroidManifest.xml:24:13-63
64            android:exported="true"
64-->[androidx.compose.ui:ui-test-manifest:1.10.4] AndroidManifest.xml:25:13-36
65            android:theme="@android:style/Theme.Material.Light.NoActionBar" />
65-->[androidx.compose.ui:ui-test-manifest:1.10.4] AndroidManifest.xml:26:13-76
66        <activity
66-->[com.google.android.gms:play-services-base:18.5.0] AndroidManifest.xml:5:9-173
67            android:name="com.google.android.gms.common.api.GoogleApiActivity"
67-->[com.google.android.gms:play-services-base:18.5.0] AndroidManifest.xml:5:19-85
68            android:exported="false"
68-->[com.google.android.gms:play-services-base:18.5.0] AndroidManifest.xml:5:146-170
69            android:theme="@android:style/Theme.Translucent.NoTitleBar" />
69-->[com.google.android.gms:play-services-base:18.5.0] AndroidManifest.xml:5:86-145
70
71        <meta-data
71-->[com.google.android.gms:play-services-basement:18.9.0] AndroidManifest.xml:21:9-23:69
72            android:name="com.google.android.gms.version"
72-->[com.google.android.gms:play-services-basement:18.9.0] AndroidManifest.xml:22:13-58
73            android:value="@integer/google_play_services_version" />
73-->[com.google.android.gms:play-services-basement:18.9.0] AndroidManifest.xml:23:13-66
74
75        <service
75-->[androidx.health:health-services-client:1.1.0-alpha03] AndroidManifest.xml:24:9-31:19
76            android:name="androidx.health.services.client.VersionApiService"
76-->[androidx.health:health-services-client:1.1.0-alpha03] AndroidManifest.xml:25:13-77
77            android:exported="true"
77-->[androidx.health:health-services-client:1.1.0-alpha03] AndroidManifest.xml:26:13-36
78            android:permission="com.google.android.wearable.healthservices.permission.PASSIVE_DATA_BINDING" >
78-->[androidx.health:health-services-client:1.1.0-alpha03] AndroidManifest.xml:27:13-108
79            <intent-filter>
79-->[androidx.health:health-services-client:1.1.0-alpha03] AndroidManifest.xml:28:13-30:29
80                <action android:name="hs.versionclient.BIND" />
80-->[androidx.health:health-services-client:1.1.0-alpha03] AndroidManifest.xml:29:17-64
80-->[androidx.health:health-services-client:1.1.0-alpha03] AndroidManifest.xml:29:25-61
81            </intent-filter>
82        </service>
83
84        <uses-library
84-->[androidx.window:window:1.5.0] AndroidManifest.xml:23:9-25:40
85            android:name="androidx.window.extensions"
85-->[androidx.window:window:1.5.0] AndroidManifest.xml:24:13-54
86            android:required="false" />
86-->[androidx.window:window:1.5.0] AndroidManifest.xml:25:13-37
87        <uses-library
87-->[androidx.window:window:1.5.0] AndroidManifest.xml:26:9-28:40
88            android:name="androidx.window.sidecar"
88-->[androidx.window:window:1.5.0] AndroidManifest.xml:27:13-51
89            android:required="false" />
89-->[androidx.window:window:1.5.0] AndroidManifest.xml:28:13-37
90
91        <provider
91-->[androidx.emoji2:emoji2:1.4.0] AndroidManifest.xml:24:9-32:20
92            android:name="androidx.startup.InitializationProvider"
92-->[androidx.emoji2:emoji2:1.4.0] AndroidManifest.xml:25:13-67
93            android:authorities="com.example.reloj.androidx-startup"
93-->[androidx.emoji2:emoji2:1.4.0] AndroidManifest.xml:26:13-68
94            android:exported="false" >
94-->[androidx.emoji2:emoji2:1.4.0] AndroidManifest.xml:27:13-37
95            <meta-data
95-->[androidx.emoji2:emoji2:1.4.0] AndroidManifest.xml:29:13-31:52
96                android:name="androidx.emoji2.text.EmojiCompatInitializer"
96-->[androidx.emoji2:emoji2:1.4.0] AndroidManifest.xml:30:17-75
97                android:value="androidx.startup" />
97-->[androidx.emoji2:emoji2:1.4.0] AndroidManifest.xml:31:17-49
98            <meta-data
98-->[androidx.lifecycle:lifecycle-process:2.9.4] AndroidManifest.xml:29:13-31:52
99                android:name="androidx.lifecycle.ProcessLifecycleInitializer"
99-->[androidx.lifecycle:lifecycle-process:2.9.4] AndroidManifest.xml:30:17-78
100                android:value="androidx.startup" />
100-->[androidx.lifecycle:lifecycle-process:2.9.4] AndroidManifest.xml:31:17-49
101            <meta-data
101-->[androidx.profileinstaller:profileinstaller:1.4.0] AndroidManifest.xml:29:13-31:52
102                android:name="androidx.profileinstaller.ProfileInstallerInitializer"
102-->[androidx.profileinstaller:profileinstaller:1.4.0] AndroidManifest.xml:30:17-85
103                android:value="androidx.startup" />
103-->[androidx.profileinstaller:profileinstaller:1.4.0] AndroidManifest.xml:31:17-49
104        </provider>
105
106        <receiver
106-->[androidx.profileinstaller:profileinstaller:1.4.0] AndroidManifest.xml:34:9-52:20
107            android:name="androidx.profileinstaller.ProfileInstallReceiver"
107-->[androidx.profileinstaller:profileinstaller:1.4.0] AndroidManifest.xml:35:13-76
108            android:directBootAware="false"
108-->[androidx.profileinstaller:profileinstaller:1.4.0] AndroidManifest.xml:36:13-44
109            android:enabled="true"
109-->[androidx.profileinstaller:profileinstaller:1.4.0] AndroidManifest.xml:37:13-35
110            android:exported="true"
110-->[androidx.profileinstaller:profileinstaller:1.4.0] AndroidManifest.xml:38:13-36
111            android:permission="android.permission.DUMP" >
111-->[androidx.profileinstaller:profileinstaller:1.4.0] AndroidManifest.xml:39:13-57
112            <intent-filter>
112-->[androidx.profileinstaller:profileinstaller:1.4.0] AndroidManifest.xml:40:13-42:29
113                <action android:name="androidx.profileinstaller.action.INSTALL_PROFILE" />
113-->[androidx.profileinstaller:profileinstaller:1.4.0] AndroidManifest.xml:41:17-91
113-->[androidx.profileinstaller:profileinstaller:1.4.0] AndroidManifest.xml:41:25-88
114            </intent-filter>
115            <intent-filter>
115-->[androidx.profileinstaller:profileinstaller:1.4.0] AndroidManifest.xml:43:13-45:29
116                <action android:name="androidx.profileinstaller.action.SKIP_FILE" />
116-->[androidx.profileinstaller:profileinstaller:1.4.0] AndroidManifest.xml:44:17-85
116-->[androidx.profileinstaller:profileinstaller:1.4.0] AndroidManifest.xml:44:25-82
117            </intent-filter>
118            <intent-filter>
118-->[androidx.profileinstaller:profileinstaller:1.4.0] AndroidManifest.xml:46:13-48:29
119                <action android:name="androidx.profileinstaller.action.SAVE_PROFILE" />
119-->[androidx.profileinstaller:profileinstaller:1.4.0] AndroidManifest.xml:47:17-88
119-->[androidx.profileinstaller:profileinstaller:1.4.0] AndroidManifest.xml:47:25-85
120            </intent-filter>
121            <intent-filter>
121-->[androidx.profileinstaller:profileinstaller:1.4.0] AndroidManifest.xml:49:13-51:29
122                <action android:name="androidx.profileinstaller.action.BENCHMARK_OPERATION" />
122-->[androidx.profileinstaller:profileinstaller:1.4.0] AndroidManifest.xml:50:17-95
122-->[androidx.profileinstaller:profileinstaller:1.4.0] AndroidManifest.xml:50:25-92
123            </intent-filter>
124        </receiver>
125    </application>
126
127</manifest>